<?xml version="1.0" encoding="UTF-8"?>
<!-- Generated by org.testng.reporters.JUnitReportReporter -->
<testsuite hostname="HJNZL002215" failures="0" tests="1" name="com.TaxSlayer.testClasses.UserConsoleExecution" time="40.805" errors="0" timestamp="2022-05-27T21:37:24 IST" skipped="0">
  <testcase classname="com.TaxSlayer.testClasses.UserConsoleExecution" name="UserConsoleExecutionMethod" time="40.805"/>
  <system-out/>
</testsuite> <!-- com.TaxSlayer.testClasses.UserConsoleExecution -->
