<?xml version="1.0" encoding="UTF-8"?>
<!-- Generated by org.testng.reporters.JUnitReportReporter -->
<testsuite hostname="HJNZL002215" failures="0" tests="1" name="com.TaxSlayer.testClasses.HurdlrWarningExecution" time="40.880" errors="0" timestamp="2022-05-30T14:33:49 IST" skipped="0">
  <testcase classname="com.TaxSlayer.testClasses.HurdlrWarningExecution" name="HurdlrWarningMethod" time="40.880"/>
  <system-out/>
</testsuite> <!-- com.TaxSlayer.testClasses.HurdlrWarningExecution -->
