<?xml version="1.0" encoding="UTF-8"?>
<!-- Generated by org.testng.reporters.JUnitReportReporter -->
<testsuite hostname="HJNZL002215" failures="0" tests="1" name="com.TaxSlayer.testClasses.PoliciesLicenseAgreementExecution" time="52.737" errors="0" timestamp="2022-05-11T08:21:55 IST" skipped="0">
  <testcase classname="com.TaxSlayer.testClasses.PoliciesLicenseAgreementExecution" name="PoliciesLicenseAgreementExecutionMethod" time="52.737"/>
  <system-out/>
</testsuite> <!-- com.TaxSlayer.testClasses.PoliciesLicenseAgreementExecution -->
