<?xml version="1.0" encoding="UTF-8"?>
<!-- Generated by org.testng.reporters.JUnitReportReporter -->
<testsuite hostname="HJNZL002215" failures="0" tests="1" name="com.TaxSlayer.testClasses.ViewDetailsExecution" time="37.976" errors="0" timestamp="2022-05-27T22:07:05 IST" skipped="0">
  <testcase classname="com.TaxSlayer.testClasses.ViewDetailsExecution" name="ViewDetailsExecutionMethod" time="37.976"/>
  <system-out/>
</testsuite> <!-- com.TaxSlayer.testClasses.ViewDetailsExecution -->
