<?xml version="1.0" encoding="UTF-8"?>
<!-- Generated by org.testng.reporters.JUnitReportReporter -->
<testsuite hostname="HJNZL002215" failures="0" tests="1" name="com.TaxSlayer.testClasses.PoliciesPrivacyPolicyExecution" time="43.771" errors="0" timestamp="2022-05-11T08:51:31 IST" skipped="0">
  <testcase classname="com.TaxSlayer.testClasses.PoliciesPrivacyPolicyExecution" name="PoliciesPrivacyPolicyExecutionMethod" time="43.771"/>
  <system-out/>
</testsuite> <!-- com.TaxSlayer.testClasses.PoliciesPrivacyPolicyExecution -->
